<?xml version="1.0" encoding="UTF-8"?>
<!-- Generated by org.testng.reporters.JUnitXMLReporter -->
<testsuite ignored="1" hostname="Rasika" failures="1" tests="1" name="Test" time="21.15" errors="0" timestamp="2023-10-31T14:34:25 IST">
  <testcase classname="co.techstore.Testlaer.RegistrationTest" name="validateRegistration" time="9.7">
    <failure type="java.lang.AssertionError" message="expected [https://techstore.co.in/account/register] but found [https://techstore.co.in/]">
      <![CDATA[java.lang.AssertionError: expected [https://techstore.co.in/account/register] but found [https://techstore.co.in/]
at co.techstore.Testlaer.RegistrationTest.validateRegistration(RegistrationTest.java:35)
at java.base/java.util.ArrayList.forEach(ArrayList.java:1511)
... Removed 33 stack frames]]>
    </failure>
  </testcase> <!-- validateRegistration -->
  <testcase classname="co.techstore.Testlaer.RegistrationTest" name="validateRegistration1" time="0.0">
    <ignored/>
  </testcase> <!-- validateRegistration1 -->
</testsuite> <!-- Test -->
